#
# There is insufficient memory for the Java Runtime Environment to continue.
# Native memory allocation (malloc) failed to allocate 983376 bytes for Chunk::new
# Possible reasons:
#   The system is out of physical RAM or swap space
#   In 32 bit mode, the process size limit was hit
# Possible solutions:
#   Reduce memory load on the system
#   Increase physical memory or swap space
#   Check if swap backing store is full
#   Use 64 bit Java on a 64 bit OS
#   Decrease Java heap size (-Xmx/-Xms)
#   Decrease number of Java threads
#   Decrease Java thread stack sizes (-Xss)
#   Set larger code cache with -XX:ReservedCodeCacheSize=
# This output file may be truncated or incomplete.
#
#  Out of Memory Error (allocation.cpp:390), pid=5264, tid=0x00000000000020c8
#
# JRE version: Java(TM) SE Runtime Environment (8.0_121-b13) (build 1.8.0_121-b13)
# Java VM: Java HotSpot(TM) 64-Bit Server VM (25.121-b13 mixed mode windows-amd64 compressed oops)
# Failed to write core dump. Minidumps are not enabled by default on client versions of Windows
#

---------------  T H R E A D  ---------------

Current thread (0x0000000014ac8800):  JavaThread "C2 CompilerThread0" daemon [_thread_in_native, id=8392, stack(0x0000000015b00000,0x0000000015c00000)]

Stack: [0x0000000015b00000,0x0000000015c00000]
[error occurred during error reporting (printing stack bounds), id 0xc0000005]

Native frames: (J=compiled Java code, j=interpreted, Vv=VM code, C=native code)


Current CompileTask:
C2:   9158 1886       4       com.sun.javafx.sg.prism.NGNode::doRender (473 bytes)


---------------  P R O C E S S  ---------------

Java Threads: ( => current thread )
  0x00000000168fc800 JavaThread "Prism Font Disposer" daemon [_thread_blocked, id=3204, stack(0x000000001dc00000,0x000000001dd00000)]
  0x0000000016735800 JavaThread "JavaFX-Launcher" [_thread_blocked, id=4848, stack(0x000000001b470000,0x000000001b570000)]
  0x00000000162fe800 JavaThread "Thread-2" daemon [_thread_in_native, id=2180, stack(0x000000001b370000,0x000000001b470000)]
  0x00000000162db800 JavaThread "JavaFX Application Thread" [_thread_in_native, id=6792, stack(0x00000000165e0000,0x00000000166e0000)]
  0x00000000162cf800 JavaThread "Thread-1" daemon [_thread_blocked, id=4160, stack(0x00000000164c0000,0x00000000165c0000)]
  0x00000000162b3000 JavaThread "QuantumRenderer-0" daemon [_thread_in_native, id=7944, stack(0x0000000016300000,0x0000000016400000)]
  0x0000000014b37000 JavaThread "Service Thread" daemon [_thread_blocked, id=1256, stack(0x0000000015d00000,0x0000000015e00000)]
  0x0000000014acb800 JavaThread "C1 CompilerThread1" daemon [_thread_blocked, id=8796, stack(0x0000000015c00000,0x0000000015d00000)]
=>0x0000000014ac8800 JavaThread "C2 CompilerThread0" daemon [_thread_in_native, id=8392, stack(0x0000000015b00000,0x0000000015c00000)]
  0x0000000014ac7000 JavaThread "Attach Listener" daemon [_thread_blocked, id=844, stack(0x0000000015a00000,0x0000000015b00000)]
  0x0000000014ac3800 JavaThread "Signal Dispatcher" daemon [_thread_blocked, id=6780, stack(0x0000000015900000,0x0000000015a00000)]
  0x0000000002717000 JavaThread "Finalizer" daemon [_thread_blocked, id=7172, stack(0x0000000015710000,0x0000000015810000)]
  0x000000000270d000 JavaThread "Reference Handler" daemon [_thread_blocked, id=7140, stack(0x0000000015610000,0x0000000015710000)]
  0x0000000002620800 JavaThread "main" [_thread_blocked, id=7004, stack(0x00000000024c0000,0x00000000025c0000)]

Other Threads:
  0x0000000014a95800 VMThread [stack: 0x0000000015510000,0x0000000015610000] [id=1512]
  0x0000000014b4b800 WatcherThread [stack: 0x0000000015e00000,0x0000000015f00000] [id=112]

VM state:not at safepoint (normal execution)

VM Mutex/Monitor currently owned by a thread: None

Heap:
 PSYoungGen      total 18944K, used 18605K [0x00000000eb300000, 0x00000000ec800000, 0x0000000100000000)
  eden space 16384K, 97% used [0x00000000eb300000,0x00000000ec2abc18,0x00000000ec300000)
  from space 2560K, 99% used [0x00000000ec300000,0x00000000ec57f918,0x00000000ec580000)
  to   space 2560K, 0% used [0x00000000ec580000,0x00000000ec580000,0x00000000ec800000)
 ParOldGen       total 44032K, used 1529K [0x00000000c1800000, 0x00000000c4300000, 0x00000000eb300000)
  object space 44032K, 3% used [0x00000000c1800000,0x00000000c197e448,0x00000000c4300000)
 Metaspace       used 14583K, capacity 15114K, committed 15232K, reserved 1062912K
  class space    used 1934K, capacity 2098K, committed 2176K, reserved 1048576K

Card table byte_map: [0x0000000011ae0000,0x0000000011ce0000] byte_map_base: 0x00000000114d4000

Marking Bits: (ParMarkBitMap*) 0x000000006a64b6d0
 Begin Bits: [0x0000000012030000, 0x0000000012fd0000)
 End Bits:   [0x0000000012fd0000, 0x0000000013f70000)

Polling page: 0x0000000000750000

CodeCache: size=245760Kb used=5996Kb max_used=5996Kb free=239763Kb
 bounds [0x0000000002720000, 0x0000000002d00000, 0x0000000011720000]
 total_blobs=2492 nmethods=1892 adapters=513
 compilation: enabled

Compilation events (10 events):
Event: 8.760 Thread 0x0000000014acb800 1890       3       javafx.scene.Scene$ScenePulseListener::synchronizeSceneNodes (118 bytes)
Event: 8.763 Thread 0x0000000014acb800 nmethod 1890 0x0000000002cf8e50 code [0x0000000002cf90a0, 0x0000000002cf9ff8]
Event: 8.944 Thread 0x0000000014acb800 1891       3       com.sun.javafx.sg.prism.NGNode::computeDirtyRegion (95 bytes)
Event: 8.945 Thread 0x0000000014acb800 nmethod 1891 0x0000000002cfd290 code [0x0000000002cfd4a0, 0x0000000002cfddf8]
Event: 8.945 Thread 0x0000000014acb800 1892       3       com.sun.javafx.geom.RectBounds::disjoint (74 bytes)
Event: 8.946 Thread 0x0000000014acb800 nmethod 1892 0x0000000002cfe210 code [0x0000000002cfe3c0, 0x0000000002cfee70]
Event: 8.947 Thread 0x0000000014acb800 1893       1       com.sun.javafx.geom.transform.Translate2D::getDegree (4 bytes)
Event: 8.947 Thread 0x0000000014acb800 nmethod 1893 0x0000000002cf6cd0 code [0x0000000002cf6e20, 0x0000000002cf6f30]
Event: 9.144 Thread 0x0000000014acb800 1894       3       com.sun.javafx.tk.quantum.QuantumRenderer::checkRendererIdle (186 bytes)
Event: 9.145 Thread 0x0000000014acb800 nmethod 1894 0x0000000002cff010 code [0x0000000002cff160, 0x0000000002cff2d0]

GC Heap History (2 events):
Event: 1.816 GC heap before
{Heap before GC invocations=1 (full 0):
 PSYoungGen      total 18944K, used 16384K [0x00000000eb300000, 0x00000000ec800000, 0x0000000100000000)
  eden space 16384K, 100% used [0x00000000eb300000,0x00000000ec300000,0x00000000ec300000)
  from space 2560K, 0% used [0x00000000ec580000,0x00000000ec580000,0x00000000ec800000)
  to   space 2560K, 0% used [0x00000000ec300000,0x00000000ec300000,0x00000000ec580000)
 ParOldGen       total 44032K, used 0K [0x00000000c1800000, 0x00000000c4300000, 0x00000000eb300000)
  object space 44032K, 0% used [0x00000000c1800000,0x00000000c1800000,0x00000000c4300000)
 Metaspace       used 9710K, capacity 10036K, committed 10368K, reserved 1058816K
  class space    used 1216K, capacity 1334K, committed 1408K, reserved 1048576K
Event: 1.833 GC heap after
Heap after GC invocations=1 (full 0):
 PSYoungGen      total 18944K, used 2558K [0x00000000eb300000, 0x00000000ec800000, 0x0000000100000000)
  eden space 16384K, 0% used [0x00000000eb300000,0x00000000eb300000,0x00000000ec300000)
  from space 2560K, 99% used [0x00000000ec300000,0x00000000ec57f918,0x00000000ec580000)
  to   space 2560K, 0% used [0x00000000ec580000,0x00000000ec580000,0x00000000ec800000)
 ParOldGen       total 44032K, used 1529K [0x00000000c1800000, 0x00000000c4300000, 0x00000000eb300000)
  object space 44032K, 3% used [0x00000000c1800000,0x00000000c197e448,0x00000000c4300000)
 Metaspace       used 9710K, capacity 10036K, committed 10368K, reserved 1058816K
  class space    used 1216K, capacity 1334K, committed 1408K, reserved 1048576K
}

Deoptimization events (10 events):
Event: 2.543 Thread 0x00000000162db800 Uncommon trap: reason=class_check action=maybe_recompile pc=0x00000000029a4560 method=java.io.DataInputStream.readShort()S @ 4
Event: 2.543 Thread 0x00000000162db800 Uncommon trap: reason=class_check action=maybe_recompile pc=0x00000000029a4560 method=java.io.DataInputStream.readShort()S @ 4
Event: 2.543 Thread 0x00000000162db800 Uncommon trap: reason=class_check action=maybe_recompile pc=0x00000000029a4560 method=java.io.DataInputStream.readShort()S @ 4
Event: 2.543 Thread 0x00000000162db800 Uncommon trap: reason=class_check action=maybe_recompile pc=0x00000000029a4560 method=java.io.DataInputStream.readShort()S @ 4
Event: 2.567 Thread 0x00000000162db800 Uncommon trap: reason=class_check action=maybe_recompile pc=0x000000000283e8b0 method=java.lang.String.equals(Ljava/lang/Object;)Z @ 8
Event: 2.567 Thread 0x00000000162db800 Uncommon trap: reason=class_check action=maybe_recompile pc=0x000000000283e8b0 method=java.lang.String.equals(Ljava/lang/Object;)Z @ 8
Event: 2.567 Thread 0x00000000162db800 Uncommon trap: reason=class_check action=maybe_recompile pc=0x000000000283e8b0 method=java.lang.String.equals(Ljava/lang/Object;)Z @ 8
Event: 2.625 Thread 0x00000000162db800 Uncommon trap: reason=unstable_if action=reinterpret pc=0x0000000002a4b018 method=java.lang.String.regionMatches(ZILjava/lang/String;II)Z @ 123
Event: 2.715 Thread 0x00000000162db800 Uncommon trap: reason=class_check action=maybe_recompile pc=0x000000000283e8b0 method=java.lang.String.equals(Ljava/lang/Object;)Z @ 8
Event: 3.018 Thread 0x00000000162b3000 Uncommon trap: reason=unstable_if action=reinterpret pc=0x0000000002a064e8 method=sun.net.www.ParseUtil.encodePath(Ljava/lang/String;Z)Ljava/lang/String; @ 109

Internal exceptions (10 events):
Event: 0.537 Thread 0x0000000002620800 Exception <a 'java/security/PrivilegedActionException'> (0x00000000eb57ee00) thrown at [C:\re\workspace\8-2-build-windows-amd64-cygwin\jdk8u121\8372\hotspot\src\share\vm\prims\jvm.cpp, line 1390]
Event: 0.537 Thread 0x0000000002620800 Exception <a 'java/security/PrivilegedActionException'> (0x00000000eb57f010) thrown at [C:\re\workspace\8-2-build-windows-amd64-cygwin\jdk8u121\8372\hotspot\src\share\vm\prims\jvm.cpp, line 1390]
Event: 0.538 Thread 0x0000000002620800 Exception <a 'java/lang/NullPointerException'> (0x00000000eb57f5e8) thrown at [C:\re\workspace\8-2-build-windows-amd64-cygwin\jdk8u121\8372\hotspot\src\share\vm\interpreter\linkResolver.cpp, line 1178]
Event: 1.366 Thread 0x00000000162db800 Exception <a 'java/lang/NullPointerException'> (0x00000000ebe16540) thrown at [C:\re\workspace\8-2-build-windows-amd64-cygwin\jdk8u121\8372\hotspot\src\share\vm\interpreter\linkResolver.cpp, line 1178]
Event: 1.366 Thread 0x00000000162db800 Exception <a 'java/lang/NullPointerException'> (0x00000000ebe16540) thrown at [C:\re\workspace\8-2-build-windows-amd64-cygwin\jdk8u121\8372\hotspot\src\share\vm\prims\jvm.cpp, line 1394]
Event: 1.445 Thread 0x00000000162db800 Exception <a 'java/lang/ArrayIndexOutOfBoundsException': 57> (0x00000000ebf2e678) thrown at [C:\re\workspace\8-2-build-windows-amd64-cygwin\jdk8u121\8372\hotspot\src\share\vm\interpreter\interpreterRuntime.cpp, line 366]
Event: 1.446 Thread 0x00000000162db800 Exception <a 'java/lang/ArrayIndexOutOfBoundsException': 18> (0x00000000ebf2f4f0) thrown at [C:\re\workspace\8-2-build-windows-amd64-cygwin\jdk8u121\8372\hotspot\src\share\vm\interpreter\interpreterRuntime.cpp, line 366]
Event: 1.448 Thread 0x00000000162db800 Exception <a 'java/lang/ArrayIndexOutOfBoundsException'> (0x00000000ebf30898) thrown at [C:\re\workspace\8-2-build-windows-amd64-cygwin\jdk8u121\8372\hotspot\src\share\vm\runtime\sharedRuntime.cpp, line 605]
Event: 1.652 Thread 0x00000000162db800 Exception <a 'java/lang/ArrayIndexOutOfBoundsException'> (0x00000000ec129f98) thrown at [C:\re\workspace\8-2-build-windows-amd64-cygwin\jdk8u121\8372\hotspot\src\share\vm\runtime\sharedRuntime.cpp, line 605]
Event: 1.879 Thread 0x00000000162db800 Exception <a 'java/lang/ArrayIndexOutOfBoundsException'> (0x00000000eb3b7e20) thrown at [C:\re\workspace\8-2-build-windows-amd64-cygwin\jdk8u121\8372\hotspot\src\share\vm\runtime\sharedRuntime.cpp, line 605]

Events (10 events):
Event: 3.101 loading class com/sun/javafx/geom/transform/TransformHelper
Event: 3.101 loading class com/sun/javafx/geom/transform/TransformHelper done
Event: 3.102 loading class com/sun/javafx/sg/prism/NGNode$RenderRootResult
Event: 3.102 loading class com/sun/javafx/sg/prism/NGNode$RenderRootResult done
Event: 3.484 Executing VM operation: ForceSafepoint
Event: 3.484 Executing VM operation: ForceSafepoint done
Event: 4.252 Executing VM operation: EnableBiasedLocking
Event: 4.253 Executing VM operation: EnableBiasedLocking done
Event: 7.429 loading class java/util/ArrayList$1
Event: 7.429 loading class java/util/ArrayList$1 done


Dynamic libraries:
0x00007ff777500000 - 0x00007ff777537000 	C:\Program Files\Java\jdk1.8.0_121\jre\bin\java.exe
0x00007ffcd3460000 - 0x00007ffcd363b000 	C:\Windows\SYSTEM32\ntdll.dll
0x00007ffcd2b80000 - 0x00007ffcd2c2e000 	C:\Windows\System32\KERNEL32.DLL
0x00007ffcd06c0000 - 0x00007ffcd0909000 	C:\Windows\System32\KERNELBASE.dll
0x00007ffcd23d0000 - 0x00007ffcd2471000 	C:\Windows\System32\ADVAPI32.dll
0x00007ffcd2f90000 - 0x00007ffcd302d000 	C:\Windows\System32\msvcrt.dll
0x00007ffcd2240000 - 0x00007ffcd2299000 	C:\Windows\System32\sechost.dll
0x00007ffcd31e0000 - 0x00007ffcd3305000 	C:\Windows\System32\RPCRT4.dll
0x00007ffcd2630000 - 0x00007ffcd277a000 	C:\Windows\System32\USER32.dll
0x00007ffcd06a0000 - 0x00007ffcd06be000 	C:\Windows\System32\win32u.dll
0x00007ffcd2ab0000 - 0x00007ffcd2ad7000 	C:\Windows\System32\GDI32.dll
0x00007ffccfa30000 - 0x00007ffccfbb9000 	C:\Windows\System32\gdi32full.dll
0x00007ffcd0500000 - 0x00007ffcd059a000 	C:\Windows\System32\msvcp_win.dll
0x00007ffcd05a0000 - 0x00007ffcd0696000 	C:\Windows\System32\ucrtbase.dll
0x00007ffcc3540000 - 0x00007ffcc37a7000 	C:\Windows\WinSxS\amd64_microsoft.windows.common-controls_6595b64144ccf1df_6.0.15063.0_none_108e4f62dfe5d999\COMCTL32.dll
0x00007ffcd2c90000 - 0x00007ffcd2f89000 	C:\Windows\System32\combase.dll
0x00007ffcd0490000 - 0x00007ffcd04fa000 	C:\Windows\System32\bcryptPrimitives.dll
0x00007ffcd30e0000 - 0x00007ffcd310d000 	C:\Windows\System32\IMM32.DLL
0x0000000069d50000 - 0x0000000069e22000 	C:\Program Files\Java\jdk1.8.0_121\jre\bin\msvcr100.dll
0x0000000069e30000 - 0x000000006a6cb000 	C:\Program Files\Java\jdk1.8.0_121\jre\bin\server\jvm.dll
0x00007ffcd3110000 - 0x00007ffcd3118000 	C:\Windows\System32\PSAPI.DLL
0x00007ffccbc90000 - 0x00007ffccbc99000 	C:\Windows\SYSTEM32\WSOCK32.dll
0x00007ffcd33f0000 - 0x00007ffcd345c000 	C:\Windows\System32\WS2_32.dll
0x00007ffccdda0000 - 0x00007ffccddc3000 	C:\Windows\SYSTEM32\WINMM.dll
0x00007ffcc18a0000 - 0x00007ffcc18aa000 	C:\Windows\SYSTEM32\VERSION.dll
0x00007ffccdd70000 - 0x00007ffccdd9b000 	C:\Windows\SYSTEM32\WINMMBASE.dll
0x00007ffccf9e0000 - 0x00007ffccfa29000 	C:\Windows\System32\cfgmgr32.dll
0x0000000069d00000 - 0x0000000069d0f000 	C:\Program Files\Java\jdk1.8.0_121\jre\bin\verify.dll
0x0000000069cd0000 - 0x0000000069cf9000 	C:\Program Files\Java\jdk1.8.0_121\jre\bin\java.dll
0x0000000069cb0000 - 0x0000000069cc6000 	C:\Program Files\Java\jdk1.8.0_121\jre\bin\zip.dll
0x00007ffcd0e00000 - 0x00007ffcd2237000 	C:\Windows\System32\SHELL32.dll
0x00007ffcd3030000 - 0x00007ffcd30da000 	C:\Windows\System32\shcore.dll
0x00007ffccfd90000 - 0x00007ffcd0482000 	C:\Windows\System32\windows.storage.dll
0x00007ffcd2c30000 - 0x00007ffcd2c81000 	C:\Windows\System32\shlwapi.dll
0x00007ffccf920000 - 0x00007ffccf931000 	C:\Windows\System32\kernel.appcore.dll
0x00007ffccf8d0000 - 0x00007ffccf91c000 	C:\Windows\System32\powrprof.dll
0x00007ffccf960000 - 0x00007ffccf975000 	C:\Windows\System32\profapi.dll
0x00007ffcc0590000 - 0x00007ffcc067f000 	C:\Program Files\Java\jdk1.8.0_121\jre\bin\msvcr120.dll
0x00007ffcb9520000 - 0x00007ffcb95c6000 	C:\Program Files\Java\jdk1.8.0_121\jre\bin\msvcp120.dll
0x0000000069970000 - 0x0000000069992000 	C:\Program Files\Java\jdk1.8.0_121\jre\bin\prism_d3d.dll
0x00007ffcaacd0000 - 0x00007ffcaae59000 	C:\Windows\system32\d3d9.dll
0x00007ffccc870000 - 0x00007ffccc89a000 	C:\Windows\SYSTEM32\dwmapi.dll
0x00007ffcce0f0000 - 0x00007ffcce185000 	C:\Windows\system32\uxtheme.dll
0x00007ffc9e660000 - 0x00007ffca089c000 	C:\Windows\SYSTEM32\igdumdim64.dll
0x00007ffcd09c0000 - 0x00007ffcd0dfb000 	C:\Windows\System32\SETUPAPI.dll
0x00007ffcd3120000 - 0x00007ffcd31e0000 	C:\Windows\System32\OLEAUT32.dll
0x00007ffcd2480000 - 0x00007ffcd25c5000 	C:\Windows\System32\ole32.dll
0x0000000069920000 - 0x0000000069963000 	C:\Program Files\Java\jdk1.8.0_121\jre\bin\glass.dll
0x00007ffcd22c0000 - 0x00007ffcd23c8000 	C:\Windows\System32\COMDLG32.dll
0x00007ffcd2790000 - 0x00007ffcd28f6000 	C:\Windows\System32\MSCTF.dll
0x00007ffcc9ec0000 - 0x00007ffcca8df000 	C:\Windows\SYSTEM32\igdusc64.dll
0x0000000069900000 - 0x0000000069914000 	C:\Program Files\Java\jdk1.8.0_121\jre\bin\javafx_font.dll
0x00007ffcc52c0000 - 0x00007ffcc5580000 	C:\Windows\SYSTEM32\dwrite.dll
0x00007ffcd2ae0000 - 0x00007ffcd2b7e000 	C:\Windows\System32\clbcatq.dll
0x00007ffccbca0000 - 0x00007ffccbe4c000 	C:\Windows\SYSTEM32\WindowsCodecs.dll
0x00007ffcb3b00000 - 0x00007ffcb3b47000 	C:\Windows\system32\dataexchange.dll
0x00007ffccce80000 - 0x00007ffccd15f000 	C:\Windows\system32\d3d11.dll
0x00007ffccd860000 - 0x00007ffccd982000 	C:\Windows\system32\dcomp.dll
0x00007ffcce740000 - 0x00007ffcce7e4000 	C:\Windows\system32\dxgi.dll
0x00007ffcce2e0000 - 0x00007ffcce450000 	C:\Windows\system32\twinapi.appcore.dll
0x00007ffccf810000 - 0x00007ffccf835000 	C:\Windows\system32\bcrypt.dll
0x00007ffcc0550000 - 0x00007ffcc0581000 	C:\Program Files\Common Files\Microsoft Shared\Ink\rtscom.dll
0x00007ffcc7510000 - 0x00007ffcc7592000 	C:\Windows\System32\TextInputFramework.dll
0x00007ffccb890000 - 0x00007ffccbb62000 	C:\Windows\System32\CoreUIComponents.dll
0x00007ffccd770000 - 0x00007ffccd853000 	C:\Windows\System32\CoreMessaging.dll
0x00007ffccebd0000 - 0x00007ffccec01000 	C:\Windows\SYSTEM32\ntmarta.dll
0x00007ffccbf60000 - 0x00007ffccc099000 	C:\Windows\SYSTEM32\wintypes.dll
0x00007ffccbc70000 - 0x00007ffccbc85000 	C:\Windows\SYSTEM32\usermgrcli.dll
0x00000000698e0000 - 0x00000000698f1000 	C:\Program Files\Java\jdk1.8.0_121\jre\bin\prism_common.dll

VM Arguments:
jvm_args: -Dfile.encoding=UTF-8 
java_command: C:\Users\Danni\Documents\NetBeansProjects\FinalYear\dist\run1718559239\FinalYear.jar
java_class_path (initial): C:\Users\Danni\Documents\NetBeansProjects\FinalYear\dist\run1718559239\FinalYear.jar
Launcher Type: SUN_STANDARD

Environment Variables:
PATH=C:\ProgramData\Oracle\Java\javapath;C:\Program Files (x86)\Intel\TXE Components\TCS\;C:\Program Files\Intel\TXE Components\TCS\;C:\Windows\system32;C:\Windows;C:\Windows\System32\Wbem;C:\Windows\System32\WindowsPowerShell\v1.0\;C:\Program Files\Intel\TXE Components\DAL\;C:\Program Files (x86)\Intel\TXE Components\DAL\;C:\Program Files\Intel\TXE Components\IPT\;C:\Program Files (x86)\Intel\TXE Components\IPT\;C:\Program Files\Intel\WiFi\bin\;C:\Program Files\Common Files\Intel\WirelessCommon\;C:\Users\Danni\AppData\Local\Microsoft\WindowsApps;
USERNAME=Danni
OS=Windows_NT
PROCESSOR_IDENTIFIER=Intel64 Family 6 Model 76 Stepping 4, GenuineIntel



---------------  S Y S T E M  ---------------

OS: Windows 10.0 , 64 bit Build 15063 (10.0.15063.296)

CPU:total 2 (2 cores per cpu, 1 threads per core) family 6 model 76 stepping 4, cmov, cx8, fxsr, mmx, sse, sse2, sse3, ssse3, sse4.1, sse4.2, popcnt, aes, clmul, erms, 3dnowpref, tsc, tscinvbit

Memory: 4k page, physical 4089980k(1071064k free), swap 4794752k(5352k free)

vm_info: Java HotSpot(TM) 64-Bit Server VM (25.121-b13) for windows-amd64 JRE (1.8.0_121-b13), built on Dec 12 2016 18:21:36 by "java_re" with MS VC++ 10.0 (VS2010)

time: Sun Jul 29 18:28:00 2018
elapsed time: 9 seconds (0d 0h 0m 9s)

