#
# There is insufficient memory for the Java Runtime Environment to continue.
# Native memory allocation (malloc) failed to allocate 1048576 bytes for AllocateHeap
# Possible reasons:
#   The system is out of physical RAM or swap space
#   In 32 bit mode, the process size limit was hit
# Possible solutions:
#   Reduce memory load on the system
#   Increase physical memory or swap space
#   Check if swap backing store is full
#   Use 64 bit Java on a 64 bit OS
#   Decrease Java heap size (-Xmx/-Xms)
#   Decrease number of Java threads
#   Decrease Java thread stack sizes (-Xss)
#   Set larger code cache with -XX:ReservedCodeCacheSize=
# This output file may be truncated or incomplete.
#
#  Out of Memory Error (memory/allocation.inline.hpp:61), pid=3304, tid=0x0000000000000644
#
# JRE version:  (8.0_121-b13) (build )
# Java VM: Java HotSpot(TM) 64-Bit Server VM (25.121-b13 mixed mode windows-amd64 compressed oops)
# Failed to write core dump. Minidumps are not enabled by default on client versions of Windows
#

---------------  T H R E A D  ---------------

Current thread (0x00000000022ae800):  JavaThread "Unknown thread" [_thread_in_vm, id=1604, stack(0x0000000002120000,0x0000000002220000)]

Stack: [0x0000000002120000,0x0000000002220000]
[error occurred during error reporting (printing stack bounds), id 0xc0000005]

Native frames: (J=compiled Java code, j=interpreted, Vv=VM code, C=native code)


---------------  P R O C E S S  ---------------

Java Threads: ( => current thread )

Other Threads:

=>0x00000000022ae800 (exited) JavaThread "Unknown thread" [_thread_in_vm, id=1604, stack(0x0000000002120000,0x0000000002220000)]

VM state:not at safepoint (normal execution)

VM Mutex/Monitor currently owned by a thread: None

Heap:
 PSYoungGen      total 18944K, used 327K [0x00000000eb300000, 0x00000000ec800000, 0x0000000100000000)
  eden space 16384K, 2% used [0x00000000eb300000,0x00000000eb351ec8,0x00000000ec300000)
  from space 2560K, 0% used [0x00000000ec580000,0x00000000ec580000,0x00000000ec800000)
  to   space 2560K, 0% used [0x00000000ec300000,0x00000000ec300000,0x00000000ec580000)
 ParOldGen       total 44032K, used 0K [0x00000000c1800000, 0x00000000c4300000, 0x00000000eb300000)
  object space 44032K, 0% used [0x00000000c1800000,0x00000000c1800000,0x00000000c4300000)
 Metaspace       used 783K, capacity 1092K, committed 1152K, reserved 1060864K
  class space    used 75K, capacity 384K, committed 384K, reserved 1048576K

Card table byte_map: [0x0000000011870000,0x0000000011a70000] byte_map_base: 0x0000000011264000

Marking Bits: (ParMarkBitMap*) 0x000000005aacb6d0
 Begin Bits: [0x0000000011dc0000, 0x0000000012d60000)
 End Bits:   [0x0000000012d60000, 0x0000000013d00000)

Polling page: 0x00000000005d0000

CodeCache: size=245760Kb used=327Kb max_used=327Kb free=245432Kb
 bounds [0x00000000024b0000, 0x0000000002720000, 0x00000000114b0000]
 total_blobs=57 nmethods=0 adapters=38
 compilation: enabled

Compilation events (0 events):
No events

GC Heap History (0 events):
No events

Deoptimization events (0 events):
No events

Internal exceptions (0 events):
No events

Events (10 events):
Event: 0.078 loading class java/lang/Short
Event: 0.078 loading class java/lang/Short done
Event: 0.078 loading class java/lang/Integer
Event: 0.078 loading class java/lang/Integer done
Event: 0.078 loading class java/lang/Long
Event: 0.079 loading class java/lang/Long done
Event: 0.081 loading class java/lang/NullPointerException
Event: 0.081 loading class java/lang/NullPointerException done
Event: 0.081 loading class java/lang/ArithmeticException
Event: 0.081 loading class java/lang/ArithmeticException done


Dynamic libraries:
0x00007ff658020000 - 0x00007ff658057000 	C:\Program Files\Java\jdk1.8.0_121\jre\bin\java.exe
0x00007fffdf3b0000 - 0x00007fffdf58b000 	C:\Windows\SYSTEM32\ntdll.dll
0x00007fffdcd50000 - 0x00007fffdcdfe000 	C:\Windows\System32\KERNEL32.DLL
0x00007fffdb940000 - 0x00007fffdbb89000 	C:\Windows\System32\KERNELBASE.dll
0x00007fffdcfc0000 - 0x00007fffdd061000 	C:\Windows\System32\ADVAPI32.dll
0x00007fffdd540000 - 0x00007fffdd5dd000 	C:\Windows\System32\msvcrt.dll
0x00007fffdddb0000 - 0x00007fffdde09000 	C:\Windows\System32\sechost.dll
0x00007fffdd660000 - 0x00007fffdd785000 	C:\Windows\System32\RPCRT4.dll
0x00007fffdde10000 - 0x00007fffddf5a000 	C:\Windows\System32\USER32.dll
0x00007fffdc000000 - 0x00007fffdc01e000 	C:\Windows\System32\win32u.dll
0x00007fffddb70000 - 0x00007fffddb97000 	C:\Windows\System32\GDI32.dll
0x00007fffdbb90000 - 0x00007fffdbd19000 	C:\Windows\System32\gdi32full.dll
0x00007fffdc020000 - 0x00007fffdc0ba000 	C:\Windows\System32\msvcp_win.dll
0x00007fffdc810000 - 0x00007fffdc906000 	C:\Windows\System32\ucrtbase.dll
0x00007fffcebc0000 - 0x00007fffcee27000 	C:\Windows\WinSxS\amd64_microsoft.windows.common-controls_6595b64144ccf1df_6.0.15063.0_none_108e4f62dfe5d999\COMCTL32.dll
0x00007fffdd870000 - 0x00007fffddb69000 	C:\Windows\System32\combase.dll
0x00007fffdb8d0000 - 0x00007fffdb93a000 	C:\Windows\System32\bcryptPrimitives.dll
0x00007fffdd330000 - 0x00007fffdd35d000 	C:\Windows\System32\IMM32.DLL
0x000000005ac30000 - 0x000000005ad02000 	C:\Program Files\Java\jdk1.8.0_121\jre\bin\msvcr100.dll
0x000000005a2b0000 - 0x000000005ab4b000 	C:\Program Files\Java\jdk1.8.0_121\jre\bin\server\jvm.dll
0x00007fffdd070000 - 0x00007fffdd078000 	C:\Windows\System32\PSAPI.DLL
0x00007fffd38e0000 - 0x00007fffd38e9000 	C:\Windows\SYSTEM32\WSOCK32.dll
0x00007fffdd4d0000 - 0x00007fffdd53c000 	C:\Windows\System32\WS2_32.dll
0x00007fffd9d10000 - 0x00007fffd9d33000 	C:\Windows\SYSTEM32\WINMM.dll
0x00007fffcee40000 - 0x00007fffcee4a000 	C:\Windows\SYSTEM32\VERSION.dll
0x00007fffd9ce0000 - 0x00007fffd9d0b000 	C:\Windows\SYSTEM32\WINMMBASE.dll
0x00007fffdc0c0000 - 0x00007fffdc109000 	C:\Windows\System32\cfgmgr32.dll
0x000000005ab90000 - 0x000000005ab9f000 	C:\Program Files\Java\jdk1.8.0_121\jre\bin\verify.dll
0x000000005a090000 - 0x000000005a0b9000 	C:\Program Files\Java\jdk1.8.0_121\jre\bin\java.dll
0x000000005abd0000 - 0x000000005abe6000 	C:\Program Files\Java\jdk1.8.0_121\jre\bin\zip.dll

VM Arguments:
java_command: <unknown>
java_class_path (initial): .
Launcher Type: SUN_STANDARD

Environment Variables:
PATH=C:\ProgramData\Oracle\Java\javapath;C:\Program Files (x86)\Intel\TXE Components\TCS\;C:\Program Files\Intel\TXE Components\TCS\;C:\Windows\system32;C:\Windows;C:\Windows\System32\Wbem;C:\Windows\System32\WindowsPowerShell\v1.0\;C:\Program Files\Intel\TXE Components\DAL\;C:\Program Files (x86)\Intel\TXE Components\DAL\;C:\Program Files\Intel\TXE Components\IPT\;C:\Program Files (x86)\Intel\TXE Components\IPT\;C:\Program Files\Intel\WiFi\bin\;C:\Program Files\Common Files\Intel\WirelessCommon\;C:\Users\Danni\AppData\Local\Microsoft\WindowsApps;
USERNAME=Danni
OS=Windows_NT
PROCESSOR_IDENTIFIER=Intel64 Family 6 Model 76 Stepping 4, GenuineIntel



---------------  S Y S T E M  ---------------

OS: Windows 10.0 , 64 bit Build 15063 (10.0.15063.296)

CPU:total 2 (2 cores per cpu, 1 threads per core) family 6 model 76 stepping 4, cmov, cx8, fxsr, mmx, sse, sse2, sse3, ssse3, sse4.1, sse4.2, popcnt, aes, clmul, erms, 3dnowpref, tsc, tscinvbit

Memory: 4k page, physical 4089980k(1211396k free), swap 5170600k(5252k free)

vm_info: Java HotSpot(TM) 64-Bit Server VM (25.121-b13) for windows-amd64 JRE (1.8.0_121-b13), built on Dec 12 2016 18:21:36 by "java_re" with MS VC++ 10.0 (VS2010)

time: Mon Jul 23 13:30:21 2018
elapsed time: 0 seconds (0d 0h 0m 0s)

