#
# There is insufficient memory for the Java Runtime Environment to continue.
# Native memory allocation (malloc) failed to allocate 56576 bytes for Chunk::new
# Possible reasons:
#   The system is out of physical RAM or swap space
#   In 32 bit mode, the process size limit was hit
# Possible solutions:
#   Reduce memory load on the system
#   Increase physical memory or swap space
#   Check if swap backing store is full
#   Use 64 bit Java on a 64 bit OS
#   Decrease Java heap size (-Xmx/-Xms)
#   Decrease number of Java threads
#   Decrease Java thread stack sizes (-Xss)
#   Set larger code cache with -XX:ReservedCodeCacheSize=
# This output file may be truncated or incomplete.
#
#  Out of Memory Error (allocation.cpp:390), pid=1800, tid=0x00000000000007a0
#
# JRE version: Java(TM) SE Runtime Environment (8.0_121-b13) (build 1.8.0_121-b13)
# Java VM: Java HotSpot(TM) 64-Bit Server VM (25.121-b13 mixed mode windows-amd64 compressed oops)
# Failed to write core dump. Minidumps are not enabled by default on client versions of Windows
#

---------------  T H R E A D  ---------------

Current thread (0x000000001517a000):  JavaThread "C2 CompilerThread0" daemon [_thread_in_native, id=1952, stack(0x00000000161a0000,0x00000000162a0000)]

Stack: [0x00000000161a0000,0x00000000162a0000]
[error occurred during error reporting (printing stack bounds), id 0xc0000005]

Native frames: (J=compiled Java code, j=interpreted, Vv=VM code, C=native code)


Current CompileTask:
C2:   3389  890       4       jdk.internal.org.objectweb.asm.ClassWriter::newUTF8 (70 bytes)


---------------  P R O C E S S  ---------------

Java Threads: ( => current thread )
  0x000000001b262800 JavaThread "JavaFX-Launcher" [_thread_blocked, id=5216, stack(0x000000001bb60000,0x000000001bc60000)]
  0x000000001b268000 JavaThread "Thread-2" daemon [_thread_in_native, id=668, stack(0x000000001ba60000,0x000000001bb60000)]
  0x00000000168da000 JavaThread "JavaFX Application Thread" [_thread_in_Java, id=6944, stack(0x0000000016cc0000,0x0000000016dc0000)]
  0x00000000168d0000 JavaThread "Thread-1" daemon [_thread_blocked, id=4156, stack(0x0000000016bc0000,0x0000000016cc0000)]
  0x00000000168ae800 JavaThread "QuantumRenderer-0" daemon [_thread_blocked, id=5344, stack(0x00000000169a0000,0x0000000016aa0000)]
  0x00000000151db800 JavaThread "Service Thread" daemon [_thread_blocked, id=4016, stack(0x00000000163a0000,0x00000000164a0000)]
  0x00000000151cc800 JavaThread "C1 CompilerThread1" daemon [_thread_blocked, id=7768, stack(0x00000000162a0000,0x00000000163a0000)]
=>0x000000001517a000 JavaThread "C2 CompilerThread0" daemon [_thread_in_native, id=1952, stack(0x00000000161a0000,0x00000000162a0000)]
  0x0000000015178800 JavaThread "Attach Listener" daemon [_thread_blocked, id=1976, stack(0x00000000160a0000,0x00000000161a0000)]
  0x0000000015175000 JavaThread "Signal Dispatcher" daemon [_thread_blocked, id=6344, stack(0x0000000015fa0000,0x00000000160a0000)]
  0x0000000002dc8000 JavaThread "Finalizer" daemon [_thread_blocked, id=8460, stack(0x0000000015db0000,0x0000000015eb0000)]
  0x0000000002dbe000 JavaThread "Reference Handler" daemon [_thread_blocked, id=3932, stack(0x0000000015cb0000,0x0000000015db0000)]
  0x0000000002cd0800 JavaThread "main" [_thread_blocked, id=8216, stack(0x0000000002bd0000,0x0000000002cd0000)]

Other Threads:
  0x0000000015145800 VMThread [stack: 0x0000000015bb0000,0x0000000015cb0000] [id=1724]
  0x00000000151e9800 WatcherThread [stack: 0x00000000164a0000,0x00000000165a0000] [id=7200]

VM state:not at safepoint (normal execution)

VM Mutex/Monitor currently owned by a thread:  ([mutex/lock_event])
[0x0000000002bcbfb0] SystemDictionary_lock - owner thread: 0x0000000000000000

Heap:
 PSYoungGen      total 18944K, used 10147K [0x00000000eb300000, 0x00000000ec800000, 0x0000000100000000)
  eden space 16384K, 46% used [0x00000000eb300000,0x00000000eba6e450,0x00000000ec300000)
  from space 2560K, 99% used [0x00000000ec300000,0x00000000ec57aae8,0x00000000ec580000)
  to   space 2560K, 0% used [0x00000000ec580000,0x00000000ec580000,0x00000000ec800000)
 ParOldGen       total 44032K, used 1282K [0x00000000c1800000, 0x00000000c4300000, 0x00000000eb300000)
  object space 44032K, 2% used [0x00000000c1800000,0x00000000c1940a78,0x00000000c4300000)
 Metaspace       used 12818K, capacity 13226K, committed 13440K, reserved 1060864K
  class space    used 1758K, capacity 1894K, committed 1920K, reserved 1048576K

Card table byte_map: [0x0000000012190000,0x0000000012390000] byte_map_base: 0x0000000011b84000

Marking Bits: (ParMarkBitMap*) 0x000000005ac8b6d0
 Begin Bits: [0x00000000126e0000, 0x0000000013680000)
 End Bits:   [0x0000000013680000, 0x0000000014620000)

Polling page: 0x0000000001240000

CodeCache: size=245760Kb used=3379Kb max_used=3379Kb free=242380Kb
 bounds [0x0000000002dd0000, 0x0000000003120000, 0x0000000011dd0000]
 total_blobs=1447 nmethods=904 adapters=456
 compilation: disabled (not enough contiguous free space left)

Compilation events (10 events):
Event: 3.374 Thread 0x00000000151cc800 nmethod 901 0x000000000311c0d0 code [0x000000000311c2c0, 0x000000000311cbd8]
Event: 3.376 Thread 0x00000000151cc800  902       1       java.util.Hashtable::access$500 (5 bytes)
Event: 3.376 Thread 0x00000000151cc800 nmethod 902 0x000000000311d210 code [0x000000000311d360, 0x000000000311d450]
Event: 3.376 Thread 0x00000000151cc800  903       1       java.util.Hashtable$Entry::getKey (5 bytes)
Event: 3.376 Thread 0x00000000151cc800 nmethod 903 0x000000000311d4d0 code [0x000000000311d620, 0x000000000311d730]
Event: 3.376 Thread 0x00000000151cc800  904       1       java.util.Hashtable$Entry::getValue (5 bytes)
Event: 3.376 Thread 0x00000000151cc800 nmethod 904 0x000000000311d790 code [0x000000000311d8e0, 0x000000000311d9f0]
Event: 3.378 Thread 0x00000000151cc800  905   !   3       java.util.zip.ZipFile$ZipEntryIterator::hasNext (41 bytes)
Event: 3.379 Thread 0x00000000151cc800 nmethod 905 0x000000000311da50 code [0x000000000311dbc0, 0x000000000311dfc8]
Event: 3.379 Thread 0x00000000151cc800  906   !   3       java.util.zip.ZipFile$ZipEntryIterator::next (212 bytes)

GC Heap History (2 events):
Event: 2.365 GC heap before
{Heap before GC invocations=1 (full 0):
 PSYoungGen      total 18944K, used 16384K [0x00000000eb300000, 0x00000000ec800000, 0x0000000100000000)
  eden space 16384K, 100% used [0x00000000eb300000,0x00000000ec300000,0x00000000ec300000)
  from space 2560K, 0% used [0x00000000ec580000,0x00000000ec580000,0x00000000ec800000)
  to   space 2560K, 0% used [0x00000000ec300000,0x00000000ec300000,0x00000000ec580000)
 ParOldGen       total 44032K, used 0K [0x00000000c1800000, 0x00000000c4300000, 0x00000000eb300000)
  object space 44032K, 0% used [0x00000000c1800000,0x00000000c1800000,0x00000000c4300000)
 Metaspace       used 9795K, capacity 10108K, committed 10368K, reserved 1058816K
  class space    used 1230K, capacity 1338K, committed 1408K, reserved 1048576K
Event: 2.397 GC heap after
Heap after GC invocations=1 (full 0):
 PSYoungGen      total 18944K, used 2538K [0x00000000eb300000, 0x00000000ec800000, 0x0000000100000000)
  eden space 16384K, 0% used [0x00000000eb300000,0x00000000eb300000,0x00000000ec300000)
  from space 2560K, 99% used [0x00000000ec300000,0x00000000ec57aae8,0x00000000ec580000)
  to   space 2560K, 0% used [0x00000000ec580000,0x00000000ec580000,0x00000000ec800000)
 ParOldGen       total 44032K, used 1282K [0x00000000c1800000, 0x00000000c4300000, 0x00000000eb300000)
  object space 44032K, 2% used [0x00000000c1800000,0x00000000c1940a78,0x00000000c4300000)
 Metaspace       used 9795K, capacity 10108K, committed 10368K, reserved 1058816K
  class space    used 1230K, capacity 1338K, committed 1408K, reserved 1048576K
}

Deoptimization events (10 events):
Event: 2.239 Thread 0x00000000168da000 Uncommon trap: reason=unstable_if action=reinterpret pc=0x000000000302a5ec method=java.io.BufferedInputStream.read()I @ 8
Event: 2.295 Thread 0x00000000168da000 Uncommon trap: reason=unstable_if action=reinterpret pc=0x0000000003034284 method=java.util.HashMap.getNode(ILjava/lang/Object;)Ljava/util/HashMap$Node; @ 84
Event: 2.548 Thread 0x00000000168da000 Uncommon trap: reason=unstable_if action=reinterpret pc=0x0000000002f9bd8c method=java.lang.String.startsWith(Ljava/lang/String;I)Z @ 25
Event: 3.318 Thread 0x00000000168da000 Uncommon trap: reason=class_check action=maybe_recompile pc=0x000000000303dae0 method=java.io.DataInputStream.readShort()S @ 4
Event: 3.319 Thread 0x00000000168da000 Uncommon trap: reason=class_check action=maybe_recompile pc=0x000000000303dae0 method=java.io.DataInputStream.readShort()S @ 4
Event: 3.319 Thread 0x00000000168da000 Uncommon trap: reason=class_check action=maybe_recompile pc=0x000000000303dae0 method=java.io.DataInputStream.readShort()S @ 4
Event: 3.319 Thread 0x00000000168da000 Uncommon trap: reason=class_check action=maybe_recompile pc=0x000000000303dae0 method=java.io.DataInputStream.readShort()S @ 4
Event: 3.343 Thread 0x00000000168da000 Uncommon trap: reason=class_check action=maybe_recompile pc=0x0000000002eed9b0 method=java.lang.String.equals(Ljava/lang/Object;)Z @ 8
Event: 3.343 Thread 0x00000000168da000 Uncommon trap: reason=class_check action=maybe_recompile pc=0x0000000002eed9b0 method=java.lang.String.equals(Ljava/lang/Object;)Z @ 8
Event: 3.343 Thread 0x00000000168da000 Uncommon trap: reason=class_check action=maybe_recompile pc=0x0000000002eed9b0 method=java.lang.String.equals(Ljava/lang/Object;)Z @ 8

Internal exceptions (10 events):
Event: 0.843 Thread 0x0000000002cd0800 Exception <a 'java/security/PrivilegedActionException'> (0x00000000eb57ea98) thrown at [C:\re\workspace\8-2-build-windows-amd64-cygwin\jdk8u121\8372\hotspot\src\share\vm\prims\jvm.cpp, line 1390]
Event: 0.843 Thread 0x0000000002cd0800 Exception <a 'java/security/PrivilegedActionException'> (0x00000000eb57eca8) thrown at [C:\re\workspace\8-2-build-windows-amd64-cygwin\jdk8u121\8372\hotspot\src\share\vm\prims\jvm.cpp, line 1390]
Event: 0.844 Thread 0x0000000002cd0800 Exception <a 'java/lang/NullPointerException'> (0x00000000eb57f280) thrown at [C:\re\workspace\8-2-build-windows-amd64-cygwin\jdk8u121\8372\hotspot\src\share\vm\interpreter\linkResolver.cpp, line 1178]
Event: 1.995 Thread 0x00000000168da000 Exception <a 'java/lang/NullPointerException'> (0x00000000ebe1ef98) thrown at [C:\re\workspace\8-2-build-windows-amd64-cygwin\jdk8u121\8372\hotspot\src\share\vm\interpreter\linkResolver.cpp, line 1178]
Event: 1.995 Thread 0x00000000168da000 Exception <a 'java/lang/NullPointerException'> (0x00000000ebe1ef98) thrown at [C:\re\workspace\8-2-build-windows-amd64-cygwin\jdk8u121\8372\hotspot\src\share\vm\prims\jvm.cpp, line 1394]
Event: 2.087 Thread 0x00000000168da000 Exception <a 'java/lang/ArrayIndexOutOfBoundsException': 57> (0x00000000ebf347a0) thrown at [C:\re\workspace\8-2-build-windows-amd64-cygwin\jdk8u121\8372\hotspot\src\share\vm\interpreter\interpreterRuntime.cpp, line 366]
Event: 2.089 Thread 0x00000000168da000 Exception <a 'java/lang/ArrayIndexOutOfBoundsException': 18> (0x00000000ebf35618) thrown at [C:\re\workspace\8-2-build-windows-amd64-cygwin\jdk8u121\8372\hotspot\src\share\vm\interpreter\interpreterRuntime.cpp, line 366]
Event: 2.091 Thread 0x00000000168da000 Exception <a 'java/lang/ArrayIndexOutOfBoundsException'> (0x00000000ebf369c0) thrown at [C:\re\workspace\8-2-build-windows-amd64-cygwin\jdk8u121\8372\hotspot\src\share\vm\runtime\sharedRuntime.cpp, line 605]
Event: 2.177 Thread 0x00000000168da000 Exception <a 'java/lang/ArrayIndexOutOfBoundsException'> (0x00000000ebfe0e50) thrown at [C:\re\workspace\8-2-build-windows-amd64-cygwin\jdk8u121\8372\hotspot\src\share\vm\runtime\sharedRuntime.cpp, line 605]
Event: 2.482 Thread 0x00000000168da000 Exception <a 'java/lang/ArrayIndexOutOfBoundsException'> (0x00000000eb3db6e8) thrown at [C:\re\workspace\8-2-build-windows-amd64-cygwin\jdk8u121\8372\hotspot\src\share\vm\runtime\sharedRuntime.cpp, line 605]

Events (10 events):
Event: 3.356 loading class javafx/event/Event
Event: 3.356 loading class javafx/event/Event done
Event: 3.356 loading class javafx/scene/input/MouseEvent
Event: 3.356 loading class javafx/scene/input/MouseEvent done
Event: 3.356 loading class javafx/scene/input/MouseEvent
Event: 3.356 loading class javafx/scene/input/MouseEvent done
Event: 3.356 loading class javafx/event/EventHandler
Event: 3.356 loading class javafx/event/EventHandler done
Event: 3.359 loading class com/sun/javafx/scene/control/skin/resources/ControlResources
Event: 3.359 loading class com/sun/javafx/scene/control/skin/resources/ControlResources done


Dynamic libraries:
0x00007ff658020000 - 0x00007ff658057000 	C:\Program Files\Java\jdk1.8.0_121\jre\bin\java.exe
0x00007fffdf3b0000 - 0x00007fffdf58b000 	C:\Windows\SYSTEM32\ntdll.dll
0x00007fffdcd50000 - 0x00007fffdcdfe000 	C:\Windows\System32\KERNEL32.DLL
0x00007fffdb940000 - 0x00007fffdbb89000 	C:\Windows\System32\KERNELBASE.dll
0x00007fffdcfc0000 - 0x00007fffdd061000 	C:\Windows\System32\ADVAPI32.dll
0x00007fffdd540000 - 0x00007fffdd5dd000 	C:\Windows\System32\msvcrt.dll
0x00007fffdddb0000 - 0x00007fffdde09000 	C:\Windows\System32\sechost.dll
0x00007fffdd660000 - 0x00007fffdd785000 	C:\Windows\System32\RPCRT4.dll
0x00007fffdde10000 - 0x00007fffddf5a000 	C:\Windows\System32\USER32.dll
0x00007fffdc000000 - 0x00007fffdc01e000 	C:\Windows\System32\win32u.dll
0x00007fffddb70000 - 0x00007fffddb97000 	C:\Windows\System32\GDI32.dll
0x00007fffdbb90000 - 0x00007fffdbd19000 	C:\Windows\System32\gdi32full.dll
0x00007fffdc020000 - 0x00007fffdc0ba000 	C:\Windows\System32\msvcp_win.dll
0x00007fffdc810000 - 0x00007fffdc906000 	C:\Windows\System32\ucrtbase.dll
0x00007fffcebc0000 - 0x00007fffcee27000 	C:\Windows\WinSxS\amd64_microsoft.windows.common-controls_6595b64144ccf1df_6.0.15063.0_none_108e4f62dfe5d999\COMCTL32.dll
0x00007fffdd870000 - 0x00007fffddb69000 	C:\Windows\System32\combase.dll
0x00007fffdb8d0000 - 0x00007fffdb93a000 	C:\Windows\System32\bcryptPrimitives.dll
0x00007fffdd330000 - 0x00007fffdd35d000 	C:\Windows\System32\IMM32.DLL
0x000000005a390000 - 0x000000005a462000 	C:\Program Files\Java\jdk1.8.0_121\jre\bin\msvcr100.dll
0x000000005a470000 - 0x000000005ad0b000 	C:\Program Files\Java\jdk1.8.0_121\jre\bin\server\jvm.dll
0x00007fffdd070000 - 0x00007fffdd078000 	C:\Windows\System32\PSAPI.DLL
0x00007fffd38e0000 - 0x00007fffd38e9000 	C:\Windows\SYSTEM32\WSOCK32.dll
0x00007fffdd4d0000 - 0x00007fffdd53c000 	C:\Windows\System32\WS2_32.dll
0x00007fffd9d10000 - 0x00007fffd9d33000 	C:\Windows\SYSTEM32\WINMM.dll
0x00007fffcee40000 - 0x00007fffcee4a000 	C:\Windows\SYSTEM32\VERSION.dll
0x00007fffd9ce0000 - 0x00007fffd9d0b000 	C:\Windows\SYSTEM32\WINMMBASE.dll
0x00007fffdc0c0000 - 0x00007fffdc109000 	C:\Windows\System32\cfgmgr32.dll
0x000000005a340000 - 0x000000005a34f000 	C:\Program Files\Java\jdk1.8.0_121\jre\bin\verify.dll
0x000000005a310000 - 0x000000005a339000 	C:\Program Files\Java\jdk1.8.0_121\jre\bin\java.dll
0x000000005a2f0000 - 0x000000005a306000 	C:\Program Files\Java\jdk1.8.0_121\jre\bin\zip.dll
0x00007fffddf60000 - 0x00007fffdf397000 	C:\Windows\System32\SHELL32.dll
0x00007fffdd280000 - 0x00007fffdd32a000 	C:\Windows\System32\shcore.dll
0x00007fffdc110000 - 0x00007fffdc802000 	C:\Windows\System32\windows.storage.dll
0x00007fffdd7f0000 - 0x00007fffdd841000 	C:\Windows\System32\shlwapi.dll
0x00007fffdb820000 - 0x00007fffdb831000 	C:\Windows\System32\kernel.appcore.dll
0x00007fffdb860000 - 0x00007fffdb8ac000 	C:\Windows\System32\powrprof.dll
0x00007fffdb8b0000 - 0x00007fffdb8c5000 	C:\Windows\System32\profapi.dll
0x00007fffa5150000 - 0x00007fffa523f000 	C:\Program Files\Java\jdk1.8.0_121\jre\bin\msvcr120.dll
0x00007fffa50a0000 - 0x00007fffa5146000 	C:\Program Files\Java\jdk1.8.0_121\jre\bin\msvcp120.dll
0x000000005a000000 - 0x000000005a022000 	C:\Program Files\Java\jdk1.8.0_121\jre\bin\prism_d3d.dll
0x00007fffa4f10000 - 0x00007fffa5099000 	C:\Windows\system32\d3d9.dll
0x00007fffd88f0000 - 0x00007fffd891a000 	C:\Windows\SYSTEM32\dwmapi.dll
0x00007fffda040000 - 0x00007fffda0d5000 	C:\Windows\system32\uxtheme.dll
0x00007fff995f0000 - 0x00007fff9b82c000 	C:\Windows\SYSTEM32\igdumdim64.dll
0x00007fffdc910000 - 0x00007fffdcd4b000 	C:\Windows\System32\SETUPAPI.dll
0x00007fffddba0000 - 0x00007fffddc60000 	C:\Windows\System32\OLEAUT32.dll
0x00007fffddc60000 - 0x00007fffddda5000 	C:\Windows\System32\ole32.dll
0x0000000059fb0000 - 0x0000000059ff3000 	C:\Program Files\Java\jdk1.8.0_121\jre\bin\glass.dll
0x00007fffdceb0000 - 0x00007fffdcfb8000 	C:\Windows\System32\COMDLG32.dll
0x00007fffdd360000 - 0x00007fffdd4c6000 	C:\Windows\System32\MSCTF.dll
0x00007fffd4d80000 - 0x00007fffd579f000 	C:\Windows\SYSTEM32\igdusc64.dll
0x0000000059f80000 - 0x0000000059fa3000 	C:\Program Files\Java\jdk1.8.0_121\jre\bin\javafx_iio.dll
0x0000000059f60000 - 0x0000000059f74000 	C:\Program Files\Java\jdk1.8.0_121\jre\bin\javafx_font.dll
0x00007fffd18b0000 - 0x00007fffd1b70000 	C:\Windows\SYSTEM32\dwrite.dll
0x00007fffdce10000 - 0x00007fffdceae000 	C:\Windows\System32\clbcatq.dll
0x00007fffd75c0000 - 0x00007fffd776c000 	C:\Windows\SYSTEM32\WindowsCodecs.dll
0x00007fffc6120000 - 0x00007fffc6167000 	C:\Windows\system32\dataexchange.dll
0x00007fffd94e0000 - 0x00007fffd97bf000 	C:\Windows\system32\d3d11.dll
0x00007fffd87c0000 - 0x00007fffd88e2000 	C:\Windows\system32\dcomp.dll
0x00007fffda690000 - 0x00007fffda734000 	C:\Windows\system32\dxgi.dll
0x00007fffda230000 - 0x00007fffda3a0000 	C:\Windows\system32\twinapi.appcore.dll
0x00007fffdb6f0000 - 0x00007fffdb715000 	C:\Windows\system32\bcrypt.dll
0x00007fffa5bc0000 - 0x00007fffa5bf1000 	C:\Program Files\Common Files\Microsoft Shared\Ink\rtscom.dll

VM Arguments:
jvm_args: -Dfile.encoding=UTF-8 
java_command: C:\Users\Danni\Documents\NetBeansProjects\FinalYear\dist\run1388623550\FinalYear.jar
java_class_path (initial): C:\Users\Danni\Documents\NetBeansProjects\FinalYear\dist\run1388623550\FinalYear.jar
Launcher Type: SUN_STANDARD

Environment Variables:
PATH=C:\ProgramData\Oracle\Java\javapath;C:\Program Files (x86)\Intel\TXE Components\TCS\;C:\Program Files\Intel\TXE Components\TCS\;C:\Windows\system32;C:\Windows;C:\Windows\System32\Wbem;C:\Windows\System32\WindowsPowerShell\v1.0\;C:\Program Files\Intel\TXE Components\DAL\;C:\Program Files (x86)\Intel\TXE Components\DAL\;C:\Program Files\Intel\TXE Components\IPT\;C:\Program Files (x86)\Intel\TXE Components\IPT\;C:\Program Files\Intel\WiFi\bin\;C:\Program Files\Common Files\Intel\WirelessCommon\;C:\Users\Danni\AppData\Local\Microsoft\WindowsApps;
USERNAME=Danni
OS=Windows_NT
PROCESSOR_IDENTIFIER=Intel64 Family 6 Model 76 Stepping 4, GenuineIntel



---------------  S Y S T E M  ---------------

OS: Windows 10.0 , 64 bit Build 15063 (10.0.15063.296)

CPU:total 2 (2 cores per cpu, 1 threads per core) family 6 model 76 stepping 4, cmov, cx8, fxsr, mmx, sse, sse2, sse3, ssse3, sse4.1, sse4.2, popcnt, aes, clmul, erms, 3dnowpref, tsc, tscinvbit

Memory: 4k page, physical 4089980k(672548k free), swap 5118472k(5120k free)

vm_info: Java HotSpot(TM) 64-Bit Server VM (25.121-b13) for windows-amd64 JRE (1.8.0_121-b13), built on Dec 12 2016 18:21:36 by "java_re" with MS VC++ 10.0 (VS2010)

time: Sun Jul 22 16:28:02 2018
elapsed time: 3 seconds (0d 0h 0m 3s)

