#
# There is insufficient memory for the Java Runtime Environment to continue.
# Native memory allocation (malloc) failed to allocate 1048576 bytes for AllocateHeap
# Possible reasons:
#   The system is out of physical RAM or swap space
#   In 32 bit mode, the process size limit was hit
# Possible solutions:
#   Reduce memory load on the system
#   Increase physical memory or swap space
#   Check if swap backing store is full
#   Use 64 bit Java on a 64 bit OS
#   Decrease Java heap size (-Xmx/-Xms)
#   Decrease number of Java threads
#   Decrease Java thread stack sizes (-Xss)
#   Set larger code cache with -XX:ReservedCodeCacheSize=
# This output file may be truncated or incomplete.
#
#  Out of Memory Error (memory/allocation.inline.hpp:61), pid=5708, tid=0x0000000000002778
#
# JRE version:  (8.0_121-b13) (build )
# Java VM: Java HotSpot(TM) 64-Bit Server VM (25.121-b13 mixed mode windows-amd64 compressed oops)
# Failed to write core dump. Minidumps are not enabled by default on client versions of Windows
#

---------------  T H R E A D  ---------------

Current thread (0x000000000303e800):  JavaThread "Unknown thread" [_thread_in_vm, id=10104, stack(0x0000000002ee0000,0x0000000002fe0000)]

Stack: [0x0000000002ee0000,0x0000000002fe0000]
[error occurred during error reporting (printing stack bounds), id 0xc0000005]

Native frames: (J=compiled Java code, j=interpreted, Vv=VM code, C=native code)


---------------  P R O C E S S  ---------------

Java Threads: ( => current thread )

Other Threads:

=>0x000000000303e800 (exited) JavaThread "Unknown thread" [_thread_in_vm, id=10104, stack(0x0000000002ee0000,0x0000000002fe0000)]

VM state:not at safepoint (normal execution)

VM Mutex/Monitor currently owned by a thread: None

Heap:
 PSYoungGen      total 18944K, used 327K [0x00000000eb300000, 0x00000000ec800000, 0x0000000100000000)
  eden space 16384K, 2% used [0x00000000eb300000,0x00000000eb351ec8,0x00000000ec300000)
  from space 2560K, 0% used [0x00000000ec580000,0x00000000ec580000,0x00000000ec800000)
  to   space 2560K, 0% used [0x00000000ec300000,0x00000000ec300000,0x00000000ec580000)
 ParOldGen       total 44032K, used 0K [0x00000000c1800000, 0x00000000c4300000, 0x00000000eb300000)
  object space 44032K, 0% used [0x00000000c1800000,0x00000000c1800000,0x00000000c4300000)
 Metaspace       used 770K, capacity 4480K, committed 4480K, reserved 1056768K
  class space    used 75K, capacity 384K, committed 384K, reserved 1048576K

Card table byte_map: [0x0000000012500000,0x0000000012700000] byte_map_base: 0x0000000011ef4000

Marking Bits: (ParMarkBitMap*) 0x000000005293b6d0
 Begin Bits: [0x0000000012a50000, 0x00000000139f0000)
 End Bits:   [0x00000000139f0000, 0x0000000014990000)

Polling page: 0x0000000001330000

CodeCache: size=245760Kb used=327Kb max_used=327Kb free=245432Kb
 bounds [0x0000000003140000, 0x00000000033b0000, 0x0000000012140000]
 total_blobs=57 nmethods=0 adapters=38
 compilation: enabled

Compilation events (0 events):
No events

GC Heap History (0 events):
No events

Deoptimization events (0 events):
No events

Internal exceptions (0 events):
No events

Events (10 events):
Event: 0.067 loading class java/lang/Short
Event: 0.067 loading class java/lang/Short done
Event: 0.067 loading class java/lang/Integer
Event: 0.068 loading class java/lang/Integer done
Event: 0.068 loading class java/lang/Long
Event: 0.068 loading class java/lang/Long done
Event: 0.070 loading class java/lang/NullPointerException
Event: 0.070 loading class java/lang/NullPointerException done
Event: 0.070 loading class java/lang/ArithmeticException
Event: 0.070 loading class java/lang/ArithmeticException done


Dynamic libraries:
0x00007ff625ab0000 - 0x00007ff625ae7000 	C:\Program Files\Java\jdk1.8.0_121\bin\java.exe
0x00007ffd3f280000 - 0x00007ffd3f45b000 	C:\Windows\SYSTEM32\ntdll.dll
0x00007ffd3d6f0000 - 0x00007ffd3d79e000 	C:\Windows\System32\KERNEL32.DLL
0x00007ffd3c4f0000 - 0x00007ffd3c739000 	C:\Windows\System32\KERNELBASE.dll
0x00007ffd3c9f0000 - 0x00007ffd3ca91000 	C:\Windows\System32\ADVAPI32.dll
0x00007ffd3c950000 - 0x00007ffd3c9ed000 	C:\Windows\System32\msvcrt.dll
0x00007ffd3d680000 - 0x00007ffd3d6d9000 	C:\Windows\System32\sechost.dll
0x00007ffd3c820000 - 0x00007ffd3c945000 	C:\Windows\System32\RPCRT4.dll
0x00007ffd3d520000 - 0x00007ffd3d66a000 	C:\Windows\System32\USER32.dll
0x00007ffd3bdd0000 - 0x00007ffd3bdee000 	C:\Windows\System32\win32u.dll
0x00007ffd3d350000 - 0x00007ffd3d377000 	C:\Windows\System32\GDI32.dll
0x00007ffd3b800000 - 0x00007ffd3b989000 	C:\Windows\System32\gdi32full.dll
0x00007ffd3c740000 - 0x00007ffd3c7da000 	C:\Windows\System32\msvcp_win.dll
0x00007ffd3bcd0000 - 0x00007ffd3bdc6000 	C:\Windows\System32\ucrtbase.dll
0x00007ffd2f580000 - 0x00007ffd2f7e7000 	C:\Windows\WinSxS\amd64_microsoft.windows.common-controls_6595b64144ccf1df_6.0.15063.0_none_108e4f62dfe5d999\COMCTL32.dll
0x00007ffd3cfa0000 - 0x00007ffd3d299000 	C:\Windows\System32\combase.dll
0x00007ffd3ba90000 - 0x00007ffd3bafa000 	C:\Windows\System32\bcryptPrimitives.dll
0x00007ffd3c7f0000 - 0x00007ffd3c81d000 	C:\Windows\System32\IMM32.DLL
0x0000000052040000 - 0x0000000052112000 	C:\Program Files\Java\jdk1.8.0_121\jre\bin\msvcr100.dll
0x0000000052120000 - 0x00000000529bb000 	C:\Program Files\Java\jdk1.8.0_121\jre\bin\server\jvm.dll
0x00007ffd3d6e0000 - 0x00007ffd3d6e8000 	C:\Windows\System32\PSAPI.DLL
0x00007ffd375b0000 - 0x00007ffd375b9000 	C:\Windows\SYSTEM32\WSOCK32.dll
0x00007ffd39b70000 - 0x00007ffd39b93000 	C:\Windows\SYSTEM32\WINMM.dll
0x00007ffd3f210000 - 0x00007ffd3f27c000 	C:\Windows\System32\WS2_32.dll
0x00007ffd2d570000 - 0x00007ffd2d57a000 	C:\Windows\SYSTEM32\VERSION.dll
0x00007ffd39b10000 - 0x00007ffd39b3b000 	C:\Windows\SYSTEM32\WINMMBASE.dll
0x00007ffd3ba40000 - 0x00007ffd3ba89000 	C:\Windows\System32\cfgmgr32.dll
0x0000000051ff0000 - 0x0000000051fff000 	C:\Program Files\Java\jdk1.8.0_121\jre\bin\verify.dll
0x0000000051fc0000 - 0x0000000051fe9000 	C:\Program Files\Java\jdk1.8.0_121\jre\bin\java.dll
0x0000000051fa0000 - 0x0000000051fb6000 	C:\Program Files\Java\jdk1.8.0_121\jre\bin\zip.dll

VM Arguments:
java_command: <unknown>
java_class_path (initial): .
Launcher Type: SUN_STANDARD

Environment Variables:
PATH=C:\ProgramData\Oracle\Java\javapath;C:\Program Files (x86)\Intel\TXE Components\TCS\;C:\Program Files\Intel\TXE Components\TCS\;C:\Windows\system32;C:\Windows;C:\Windows\System32\Wbem;C:\Windows\System32\WindowsPowerShell\v1.0\;C:\Program Files\Intel\TXE Components\DAL\;C:\Program Files (x86)\Intel\TXE Components\DAL\;C:\Program Files\Intel\TXE Components\IPT\;C:\Program Files (x86)\Intel\TXE Components\IPT\;C:\Program Files\Intel\WiFi\bin\;C:\Program Files\Common Files\Intel\WirelessCommon\;C:\Users\Danni\AppData\Local\Microsoft\WindowsApps;
USERNAME=Danni
OS=Windows_NT
PROCESSOR_IDENTIFIER=Intel64 Family 6 Model 76 Stepping 4, GenuineIntel



---------------  S Y S T E M  ---------------

OS: Windows 10.0 , 64 bit Build 15063 (10.0.15063.296)

CPU:total 2 (2 cores per cpu, 1 threads per core) family 6 model 76 stepping 4, cmov, cx8, fxsr, mmx, sse, sse2, sse3, ssse3, sse4.1, sse4.2, popcnt, aes, clmul, erms, 3dnowpref, tsc, tscinvbit

Memory: 4k page, physical 4089980k(755676k free), swap 5244616k(5548k free)

vm_info: Java HotSpot(TM) 64-Bit Server VM (25.121-b13) for windows-amd64 JRE (1.8.0_121-b13), built on Dec 12 2016 18:21:36 by "java_re" with MS VC++ 10.0 (VS2010)

time: Sat Jul 21 15:47:27 2018
elapsed time: 0 seconds (0d 0h 0m 0s)

