#
# There is insufficient memory for the Java Runtime Environment to continue.
# Native memory allocation (malloc) failed to allocate 94160 bytes for Chunk::new
# Possible reasons:
#   The system is out of physical RAM or swap space
#   In 32 bit mode, the process size limit was hit
# Possible solutions:
#   Reduce memory load on the system
#   Increase physical memory or swap space
#   Check if swap backing store is full
#   Use 64 bit Java on a 64 bit OS
#   Decrease Java heap size (-Xmx/-Xms)
#   Decrease number of Java threads
#   Decrease Java thread stack sizes (-Xss)
#   Set larger code cache with -XX:ReservedCodeCacheSize=
# This output file may be truncated or incomplete.
#
#  Out of Memory Error (allocation.cpp:390), pid=2432, tid=0x0000000000000d5c
#
# JRE version: Java(TM) SE Runtime Environment (8.0_121-b13) (build 1.8.0_121-b13)
# Java VM: Java HotSpot(TM) 64-Bit Server VM (25.121-b13 mixed mode windows-amd64 compressed oops)
# Failed to write core dump. Minidumps are not enabled by default on client versions of Windows
#

---------------  T H R E A D  ---------------

Current thread (0x0000000014c69000):  JavaThread "C2 CompilerThread0" daemon [_thread_in_native, id=3420, stack(0x0000000015c90000,0x0000000015d90000)]

Stack: [0x0000000015c90000,0x0000000015d90000]
[error occurred during error reporting (printing stack bounds), id 0xc0000005]

Native frames: (J=compiled Java code, j=interpreted, Vv=VM code, C=native code)


Current CompileTask:
C2:  11911 2045       4       com.sun.javafx.sg.prism.NGNode::doRender (473 bytes)


---------------  P R O C E S S  ---------------

Java Threads: ( => current thread )
  0x000000001adea000 JavaThread "Prism Font Disposer" daemon [_thread_blocked, id=2364, stack(0x000000001d4a0000,0x000000001d5a0000)]
  0x000000001643b000 JavaThread "JavaFX-Launcher" [_thread_blocked, id=484, stack(0x000000001b570000,0x000000001b670000)]
  0x000000001646e000 JavaThread "Thread-2" daemon [_thread_in_native, id=5712, stack(0x000000001b470000,0x000000001b570000)]
  0x00000000163c3800 JavaThread "JavaFX Application Thread" [_thread_blocked, id=9140, stack(0x00000000166e0000,0x00000000167e0000)]
  0x00000000163ae000 JavaThread "Thread-1" daemon [_thread_blocked, id=8144, stack(0x0000000016590000,0x0000000016690000)]
  0x000000001639d800 JavaThread "QuantumRenderer-0" daemon [_thread_in_native, id=6664, stack(0x0000000016490000,0x0000000016590000)]
  0x0000000014c72800 JavaThread "Service Thread" daemon [_thread_blocked, id=9740, stack(0x0000000015e90000,0x0000000015f90000)]
  0x0000000014c6c000 JavaThread "C1 CompilerThread1" daemon [_thread_blocked, id=9968, stack(0x0000000015d90000,0x0000000015e90000)]
=>0x0000000014c69000 JavaThread "C2 CompilerThread0" daemon [_thread_in_native, id=3420, stack(0x0000000015c90000,0x0000000015d90000)]
  0x0000000014c67800 JavaThread "Attach Listener" daemon [_thread_blocked, id=9164, stack(0x0000000015b90000,0x0000000015c90000)]
  0x00000000028be000 JavaThread "Signal Dispatcher" daemon [_thread_blocked, id=10204, stack(0x0000000015a90000,0x0000000015b90000)]
  0x0000000014c58800 JavaThread "Finalizer" daemon [_thread_blocked, id=5012, stack(0x00000000158a0000,0x00000000159a0000)]
  0x00000000028ac800 JavaThread "Reference Handler" daemon [_thread_blocked, id=1068, stack(0x00000000157a0000,0x00000000158a0000)]
  0x00000000027c0800 JavaThread "main" [_thread_blocked, id=4064, stack(0x00000000026c0000,0x00000000027c0000)]

Other Threads:
  0x0000000014c36000 VMThread [stack: 0x00000000156a0000,0x00000000157a0000] [id=1464]
  0x0000000014ce9000 WatcherThread [stack: 0x0000000015f90000,0x0000000016090000] [id=9252]

VM state:not at safepoint (normal execution)

VM Mutex/Monitor currently owned by a thread: None

Heap:
 PSYoungGen      total 18944K, used 5702K [0x00000000eb300000, 0x00000000ec800000, 0x0000000100000000)
  eden space 16384K, 19% used [0x00000000eb300000,0x00000000eb616ed0,0x00000000ec300000)
  from space 2560K, 99% used [0x00000000ec580000,0x00000000ec7faae8,0x00000000ec800000)
  to   space 2560K, 0% used [0x00000000ec300000,0x00000000ec300000,0x00000000ec580000)
 ParOldGen       total 44032K, used 3644K [0x00000000c1800000, 0x00000000c4300000, 0x00000000eb300000)
  object space 44032K, 8% used [0x00000000c1800000,0x00000000c1b8f2a8,0x00000000c4300000)
 Metaspace       used 14983K, capacity 15538K, committed 15872K, reserved 1062912K
  class space    used 2008K, capacity 2200K, committed 2304K, reserved 1048576K

Card table byte_map: [0x0000000011c80000,0x0000000011e80000] byte_map_base: 0x0000000011674000

Marking Bits: (ParMarkBitMap*) 0x000000005aacb6d0
 Begin Bits: [0x00000000121d0000, 0x0000000013170000)
 End Bits:   [0x0000000013170000, 0x0000000014110000)

Polling page: 0x0000000000c60000

CodeCache: size=245760Kb used=6664Kb max_used=6668Kb free=239095Kb
 bounds [0x00000000028c0000, 0x0000000002f50000, 0x00000000118c0000]
 total_blobs=2651 nmethods=2047 adapters=516
 compilation: enabled

Compilation events (10 events):
Event: 11.537 Thread 0x0000000014c69000 nmethod 2043 0x0000000002f25290 code [0x0000000002f253c0, 0x0000000002f25438]
Event: 11.581 Thread 0x0000000014c69000 2044       4       javafx.scene.layout.Region::computeShapeBounds (376 bytes)
Event: 11.607 Thread 0x0000000014c69000 nmethod 2044 0x0000000002f48410 code [0x0000000002f485a0, 0x0000000002f48bf8]
Event: 11.621 Thread 0x0000000014c69000 2045       4       com.sun.javafx.sg.prism.NGNode::doRender (473 bytes)
Event: 11.642 Thread 0x0000000014c6c000 2046       3       com.sun.javafx.geom.transform.AffineBase::getType (33 bytes)
Event: 11.643 Thread 0x0000000014c6c000 nmethod 2046 0x0000000002f409d0 code [0x0000000002f40b40, 0x0000000002f40e98]
Event: 11.673 Thread 0x0000000014c6c000 2047       3       com.sun.javafx.geom.transform.AffineBase::updateState2D (210 bytes)
Event: 11.674 Thread 0x0000000014c6c000 nmethod 2047 0x0000000002f3f590 code [0x0000000002f3f740, 0x0000000002f3ff30]
Event: 11.689 Thread 0x0000000014c6c000 2049       3       com.sun.javafx.geom.transform.Affine3D::updateState (96 bytes)
Event: 11.692 Thread 0x0000000014c6c000 nmethod 2049 0x0000000002f47410 code [0x0000000002f47680, 0x0000000002f48248]

GC Heap History (4 events):
Event: 2.663 GC heap before
{Heap before GC invocations=1 (full 0):
 PSYoungGen      total 18944K, used 16384K [0x00000000eb300000, 0x00000000ec800000, 0x0000000100000000)
  eden space 16384K, 100% used [0x00000000eb300000,0x00000000ec300000,0x00000000ec300000)
  from space 2560K, 0% used [0x00000000ec580000,0x00000000ec580000,0x00000000ec800000)
  to   space 2560K, 0% used [0x00000000ec300000,0x00000000ec300000,0x00000000ec580000)
 ParOldGen       total 44032K, used 0K [0x00000000c1800000, 0x00000000c4300000, 0x00000000eb300000)
  object space 44032K, 0% used [0x00000000c1800000,0x00000000c1800000,0x00000000c4300000)
 Metaspace       used 9812K, capacity 10108K, committed 10368K, reserved 1058816K
  class space    used 1233K, capacity 1338K, committed 1408K, reserved 1048576K
Event: 2.681 GC heap after
Heap after GC invocations=1 (full 0):
 PSYoungGen      total 18944K, used 2538K [0x00000000eb300000, 0x00000000ec800000, 0x0000000100000000)
  eden space 16384K, 0% used [0x00000000eb300000,0x00000000eb300000,0x00000000ec300000)
  from space 2560K, 99% used [0x00000000ec300000,0x00000000ec57aac8,0x00000000ec580000)
  to   space 2560K, 0% used [0x00000000ec580000,0x00000000ec580000,0x00000000ec800000)
 ParOldGen       total 44032K, used 1290K [0x00000000c1800000, 0x00000000c4300000, 0x00000000eb300000)
  object space 44032K, 2% used [0x00000000c1800000,0x00000000c1942a78,0x00000000c4300000)
 Metaspace       used 9812K, capacity 10108K, committed 10368K, reserved 1058816K
  class space    used 1233K, capacity 1338K, committed 1408K, reserved 1048576K
}
Event: 8.541 GC heap before
{Heap before GC invocations=2 (full 0):
 PSYoungGen      total 18944K, used 18922K [0x00000000eb300000, 0x00000000ec800000, 0x0000000100000000)
  eden space 16384K, 100% used [0x00000000eb300000,0x00000000ec300000,0x00000000ec300000)
  from space 2560K, 99% used [0x00000000ec300000,0x00000000ec57aac8,0x00000000ec580000)
  to   space 2560K, 0% used [0x00000000ec580000,0x00000000ec580000,0x00000000ec800000)
 ParOldGen       total 44032K, used 1290K [0x00000000c1800000, 0x00000000c4300000, 0x00000000eb300000)
  object space 44032K, 2% used [0x00000000c1800000,0x00000000c1942a78,0x00000000c4300000)
 Metaspace       used 14917K, capacity 15474K, committed 15616K, reserved 1062912K
  class space    used 2008K, capacity 2200K, committed 2304K, reserved 1048576K
Event: 8.563 GC heap after
Heap after GC invocations=2 (full 0):
 PSYoungGen      total 18944K, used 2538K [0x00000000eb300000, 0x00000000ec800000, 0x0000000100000000)
  eden space 16384K, 0% used [0x00000000eb300000,0x00000000eb300000,0x00000000ec300000)
  from space 2560K, 99% used [0x00000000ec580000,0x00000000ec7faae8,0x00000000ec800000)
  to   space 2560K, 0% used [0x00000000ec300000,0x00000000ec300000,0x00000000ec580000)
 ParOldGen       total 44032K, used 3644K [0x00000000c1800000, 0x00000000c4300000, 0x00000000eb300000)
  object space 44032K, 8% used [0x00000000c1800000,0x00000000c1b8f2a8,0x00000000c4300000)
 Metaspace       used 14917K, capacity 15474K, committed 15616K, reserved 1062912K
  class space    used 2008K, capacity 2200K, committed 2304K, reserved 1048576K
}

Deoptimization events (10 events):
Event: 3.631 Thread 0x00000000163c3800 Uncommon trap: reason=class_check action=maybe_recompile pc=0x00000000029dcff0 method=java.lang.String.equals(Ljava/lang/Object;)Z @ 8
Event: 3.631 Thread 0x00000000163c3800 Uncommon trap: reason=class_check action=maybe_recompile pc=0x00000000029dcff0 method=java.lang.String.equals(Ljava/lang/Object;)Z @ 8
Event: 3.687 Thread 0x00000000163c3800 Uncommon trap: reason=unstable_if action=reinterpret pc=0x0000000002beeb98 method=java.lang.String.regionMatches(ZILjava/lang/String;II)Z @ 123
Event: 3.770 Thread 0x00000000163c3800 Uncommon trap: reason=class_check action=maybe_recompile pc=0x00000000029dcff0 method=java.lang.String.equals(Ljava/lang/Object;)Z @ 8
Event: 4.075 Thread 0x000000001639d800 Uncommon trap: reason=unstable_if action=reinterpret pc=0x0000000002bb9960 method=sun.net.www.ParseUtil.encodePath(Ljava/lang/String;Z)Ljava/lang/String; @ 109
Event: 11.122 Thread 0x000000001639d800 Uncommon trap: reason=null_check action=make_not_entrant pc=0x0000000002f3a200 method=com.sun.scenario.effect.PhongLighting.getContentInput()Lcom/sun/scenario/effect/Effect; @ 10
Event: 11.628 Thread 0x00000000163c3800 Uncommon trap: reason=bimorphic action=maybe_recompile pc=0x0000000002eddf90 method=javafx.scene.Node.getGeomBounds(Lcom/sun/javafx/geom/BaseBounds;Lcom/sun/javafx/geom/transform/BaseTransform;)Lcom/sun/javafx/geom/BaseBounds; @ 21
Event: 11.639 Thread 0x000000001639d800 Uncommon trap: reason=unstable_if action=reinterpret pc=0x0000000002dd0fe0 method=com.sun.javafx.geom.transform.AffineBase.updateState2D()V @ 24
Event: 11.641 Thread 0x000000001639d800 Uncommon trap: reason=unstable_if action=reinterpret pc=0x0000000002ddb998 method=com.sun.javafx.geom.transform.AffineBase.updateState2D()V @ 24
Event: 11.641 Thread 0x000000001639d800 Uncommon trap: reason=unstable_if action=reinterpret pc=0x0000000002dc6820 method=com.sun.javafx.geom.transform.AffineBase.updateState2D()V @ 24

Internal exceptions (10 events):
Event: 1.080 Thread 0x00000000027c0800 Exception <a 'java/security/PrivilegedActionException'> (0x00000000eb57b7a0) thrown at [C:\re\workspace\8-2-build-windows-amd64-cygwin\jdk8u121\8372\hotspot\src\share\vm\prims\jvm.cpp, line 1390]
Event: 1.080 Thread 0x00000000027c0800 Exception <a 'java/lang/NullPointerException'> (0x00000000eb57bd78) thrown at [C:\re\workspace\8-2-build-windows-amd64-cygwin\jdk8u121\8372\hotspot\src\share\vm\interpreter\linkResolver.cpp, line 1178]
Event: 2.087 Thread 0x00000000163c3800 Exception <a 'java/lang/NullPointerException'> (0x00000000ebe1a448) thrown at [C:\re\workspace\8-2-build-windows-amd64-cygwin\jdk8u121\8372\hotspot\src\share\vm\interpreter\linkResolver.cpp, line 1178]
Event: 2.087 Thread 0x00000000163c3800 Exception <a 'java/lang/NullPointerException'> (0x00000000ebe1a448) thrown at [C:\re\workspace\8-2-build-windows-amd64-cygwin\jdk8u121\8372\hotspot\src\share\vm\prims\jvm.cpp, line 1394]
Event: 2.190 Thread 0x00000000163c3800 Exception <a 'java/lang/ArrayIndexOutOfBoundsException': 57> (0x00000000ebf2eb90) thrown at [C:\re\workspace\8-2-build-windows-amd64-cygwin\jdk8u121\8372\hotspot\src\share\vm\interpreter\interpreterRuntime.cpp, line 366]
Event: 2.193 Thread 0x00000000163c3800 Exception <a 'java/lang/ArrayIndexOutOfBoundsException': 18> (0x00000000ebf2fa08) thrown at [C:\re\workspace\8-2-build-windows-amd64-cygwin\jdk8u121\8372\hotspot\src\share\vm\interpreter\interpreterRuntime.cpp, line 366]
Event: 2.194 Thread 0x00000000163c3800 Exception <a 'java/lang/ArrayIndexOutOfBoundsException': 86> (0x00000000ebf30db0) thrown at [C:\re\workspace\8-2-build-windows-amd64-cygwin\jdk8u121\8372\hotspot\src\share\vm\interpreter\interpreterRuntime.cpp, line 366]
Event: 2.320 Thread 0x00000000163c3800 Exception <a 'java/lang/ArrayIndexOutOfBoundsException'> (0x00000000ebfdadc8) thrown at [C:\re\workspace\8-2-build-windows-amd64-cygwin\jdk8u121\8372\hotspot\src\share\vm\runtime\sharedRuntime.cpp, line 605]
Event: 2.786 Thread 0x00000000163c3800 Exception <a 'java/lang/ArrayIndexOutOfBoundsException'> (0x00000000eb3d5158) thrown at [C:\re\workspace\8-2-build-windows-amd64-cygwin\jdk8u121\8372\hotspot\src\share\vm\runtime\sharedRuntime.cpp, line 605]
Event: 11.121 Thread 0x000000001639d800 Implicit null exception at 0x0000000002f395dc to 0x0000000002f3a1e9

Events (10 events):
Event: 11.628 Thread 0x00000000163c3800 DEOPT UNPACKING pc=0x000000000290582a sp=0x00000000167dd6d8 mode 2
Event: 11.639 Thread 0x000000001639d800 Uncommon trap: trap_request=0xffffff65 fr.pc=0x0000000002dd0fe0
Event: 11.639 Thread 0x000000001639d800 DEOPT PACKING pc=0x0000000002dd0fe0 sp=0x000000001658d600
Event: 11.641 Thread 0x000000001639d800 DEOPT UNPACKING pc=0x000000000290582a sp=0x000000001658d4a8 mode 2
Event: 11.641 Thread 0x000000001639d800 Uncommon trap: trap_request=0xffffff65 fr.pc=0x0000000002ddb998
Event: 11.641 Thread 0x000000001639d800 DEOPT PACKING pc=0x0000000002ddb998 sp=0x000000001658d480
Event: 11.641 Thread 0x000000001639d800 DEOPT UNPACKING pc=0x000000000290582a sp=0x000000001658d378 mode 2
Event: 11.641 Thread 0x000000001639d800 Uncommon trap: trap_request=0xffffff65 fr.pc=0x0000000002dc6820
Event: 11.641 Thread 0x000000001639d800 DEOPT PACKING pc=0x0000000002dc6820 sp=0x000000001658d510
Event: 11.641 Thread 0x000000001639d800 DEOPT UNPACKING pc=0x000000000290582a sp=0x000000001658d4b0 mode 2


Dynamic libraries:
0x00007ff658020000 - 0x00007ff658057000 	C:\Program Files\Java\jdk1.8.0_121\jre\bin\java.exe
0x00007fffdf3b0000 - 0x00007fffdf58b000 	C:\Windows\SYSTEM32\ntdll.dll
0x00007fffdcd50000 - 0x00007fffdcdfe000 	C:\Windows\System32\KERNEL32.DLL
0x00007fffdb940000 - 0x00007fffdbb89000 	C:\Windows\System32\KERNELBASE.dll
0x00007fffdcfc0000 - 0x00007fffdd061000 	C:\Windows\System32\ADVAPI32.dll
0x00007fffdd540000 - 0x00007fffdd5dd000 	C:\Windows\System32\msvcrt.dll
0x00007fffdddb0000 - 0x00007fffdde09000 	C:\Windows\System32\sechost.dll
0x00007fffdd660000 - 0x00007fffdd785000 	C:\Windows\System32\RPCRT4.dll
0x00007fffdde10000 - 0x00007fffddf5a000 	C:\Windows\System32\USER32.dll
0x00007fffdc000000 - 0x00007fffdc01e000 	C:\Windows\System32\win32u.dll
0x00007fffddb70000 - 0x00007fffddb97000 	C:\Windows\System32\GDI32.dll
0x00007fffdbb90000 - 0x00007fffdbd19000 	C:\Windows\System32\gdi32full.dll
0x00007fffdc020000 - 0x00007fffdc0ba000 	C:\Windows\System32\msvcp_win.dll
0x00007fffdc810000 - 0x00007fffdc906000 	C:\Windows\System32\ucrtbase.dll
0x00007fffcebc0000 - 0x00007fffcee27000 	C:\Windows\WinSxS\amd64_microsoft.windows.common-controls_6595b64144ccf1df_6.0.15063.0_none_108e4f62dfe5d999\COMCTL32.dll
0x00007fffdd870000 - 0x00007fffddb69000 	C:\Windows\System32\combase.dll
0x00007fffdb8d0000 - 0x00007fffdb93a000 	C:\Windows\System32\bcryptPrimitives.dll
0x00007fffdd330000 - 0x00007fffdd35d000 	C:\Windows\System32\IMM32.DLL
0x000000005ac30000 - 0x000000005ad02000 	C:\Program Files\Java\jdk1.8.0_121\jre\bin\msvcr100.dll
0x000000005a2b0000 - 0x000000005ab4b000 	C:\Program Files\Java\jdk1.8.0_121\jre\bin\server\jvm.dll
0x00007fffdd070000 - 0x00007fffdd078000 	C:\Windows\System32\PSAPI.DLL
0x00007fffd38e0000 - 0x00007fffd38e9000 	C:\Windows\SYSTEM32\WSOCK32.dll
0x00007fffdd4d0000 - 0x00007fffdd53c000 	C:\Windows\System32\WS2_32.dll
0x00007fffd9d10000 - 0x00007fffd9d33000 	C:\Windows\SYSTEM32\WINMM.dll
0x00007fffcee40000 - 0x00007fffcee4a000 	C:\Windows\SYSTEM32\VERSION.dll
0x00007fffd9ce0000 - 0x00007fffd9d0b000 	C:\Windows\SYSTEM32\winmmbase.dll
0x00007fffdc0c0000 - 0x00007fffdc109000 	C:\Windows\System32\cfgmgr32.dll
0x000000005ab90000 - 0x000000005ab9f000 	C:\Program Files\Java\jdk1.8.0_121\jre\bin\verify.dll
0x000000005a090000 - 0x000000005a0b9000 	C:\Program Files\Java\jdk1.8.0_121\jre\bin\java.dll
0x000000005abd0000 - 0x000000005abe6000 	C:\Program Files\Java\jdk1.8.0_121\jre\bin\zip.dll
0x00007fffddf60000 - 0x00007fffdf397000 	C:\Windows\System32\SHELL32.dll
0x00007fffdd280000 - 0x00007fffdd32a000 	C:\Windows\System32\shcore.dll
0x00007fffdc110000 - 0x00007fffdc802000 	C:\Windows\System32\windows.storage.dll
0x00007fffdd7f0000 - 0x00007fffdd841000 	C:\Windows\System32\shlwapi.dll
0x00007fffdb820000 - 0x00007fffdb831000 	C:\Windows\System32\kernel.appcore.dll
0x00007fffdb860000 - 0x00007fffdb8ac000 	C:\Windows\System32\powrprof.dll
0x00007fffdb8b0000 - 0x00007fffdb8c5000 	C:\Windows\System32\profapi.dll
0x00007fffa5150000 - 0x00007fffa523f000 	C:\Program Files\Java\jdk1.8.0_121\jre\bin\msvcr120.dll
0x00007fffa50a0000 - 0x00007fffa5146000 	C:\Program Files\Java\jdk1.8.0_121\jre\bin\msvcp120.dll
0x0000000059fe0000 - 0x000000005a002000 	C:\Program Files\Java\jdk1.8.0_121\jre\bin\prism_d3d.dll
0x00007fffa4f10000 - 0x00007fffa5099000 	C:\Windows\system32\d3d9.dll
0x00007fffd88f0000 - 0x00007fffd891a000 	C:\Windows\SYSTEM32\dwmapi.dll
0x00007fffda040000 - 0x00007fffda0d5000 	C:\Windows\system32\uxtheme.dll
0x00007fff995f0000 - 0x00007fff9b82c000 	C:\Windows\SYSTEM32\igdumdim64.dll
0x00007fffdc910000 - 0x00007fffdcd4b000 	C:\Windows\System32\SETUPAPI.dll
0x00007fffddba0000 - 0x00007fffddc60000 	C:\Windows\System32\OLEAUT32.dll
0x00007fffddc60000 - 0x00007fffddda5000 	C:\Windows\System32\ole32.dll
0x0000000059f90000 - 0x0000000059fd3000 	C:\Program Files\Java\jdk1.8.0_121\jre\bin\glass.dll
0x00007fffdceb0000 - 0x00007fffdcfb8000 	C:\Windows\System32\COMDLG32.dll
0x00007fffdd360000 - 0x00007fffdd4c6000 	C:\Windows\System32\MSCTF.dll
0x00007fffd4d80000 - 0x00007fffd579f000 	C:\Windows\SYSTEM32\igdusc64.dll
0x0000000059f60000 - 0x0000000059f83000 	C:\Program Files\Java\jdk1.8.0_121\jre\bin\javafx_iio.dll
0x000000005ab50000 - 0x000000005ab64000 	C:\Program Files\Java\jdk1.8.0_121\jre\bin\javafx_font.dll
0x00007fffd18b0000 - 0x00007fffd1b70000 	C:\Windows\SYSTEM32\dwrite.dll
0x00007fffdce10000 - 0x00007fffdceae000 	C:\Windows\System32\clbcatq.dll
0x00007fffd75c0000 - 0x00007fffd776c000 	C:\Windows\SYSTEM32\WindowsCodecs.dll
0x00007fffc6120000 - 0x00007fffc6167000 	C:\Windows\system32\dataexchange.dll
0x00007fffd94e0000 - 0x00007fffd97bf000 	C:\Windows\system32\d3d11.dll
0x00007fffd87c0000 - 0x00007fffd88e2000 	C:\Windows\system32\dcomp.dll
0x00007fffda690000 - 0x00007fffda734000 	C:\Windows\system32\dxgi.dll
0x00007fffda230000 - 0x00007fffda3a0000 	C:\Windows\system32\twinapi.appcore.dll
0x00007fffdb6f0000 - 0x00007fffdb715000 	C:\Windows\system32\bcrypt.dll
0x00007fffa5bc0000 - 0x00007fffa5bf1000 	C:\Program Files\Common Files\Microsoft Shared\Ink\rtscom.dll
0x0000000059f40000 - 0x0000000059f51000 	C:\Program Files\Java\jdk1.8.0_121\jre\bin\prism_common.dll

VM Arguments:
jvm_args: -Dfile.encoding=UTF-8 
java_command: FXMLController
java_class_path (initial): C:\Users\Danni\Documents\NetBeansProjects\FinalYear\dist\FinalYear.jar;C:\Program Files\Java\jdk1.8.0_121\jre\lib\javaws.jar;C:\Program Files\Java\jdk1.8.0_121\jre\lib\deploy.jar;C:\Program Files\Java\jdk1.8.0_121\jre\lib\plugin.jar;C:\Users\Danni\Documents\NetBeansProjects\FinalYear\build\classes
Launcher Type: SUN_STANDARD

Environment Variables:
PATH=C:\ProgramData\Oracle\Java\javapath;C:\Program Files (x86)\Intel\TXE Components\TCS\;C:\Program Files\Intel\TXE Components\TCS\;C:\Windows\system32;C:\Windows;C:\Windows\System32\Wbem;C:\Windows\System32\WindowsPowerShell\v1.0\;C:\Program Files\Intel\TXE Components\DAL\;C:\Program Files (x86)\Intel\TXE Components\DAL\;C:\Program Files\Intel\TXE Components\IPT\;C:\Program Files (x86)\Intel\TXE Components\IPT\;C:\Program Files\Intel\WiFi\bin\;C:\Program Files\Common Files\Intel\WirelessCommon\;C:\Users\Danni\AppData\Local\Microsoft\WindowsApps;
USERNAME=Danni
OS=Windows_NT
PROCESSOR_IDENTIFIER=Intel64 Family 6 Model 76 Stepping 4, GenuineIntel



---------------  S Y S T E M  ---------------

OS: Windows 10.0 , 64 bit Build 15063 (10.0.15063.296)

CPU:total 2 (2 cores per cpu, 1 threads per core) family 6 model 76 stepping 4, cmov, cx8, fxsr, mmx, sse, sse2, sse3, ssse3, sse4.1, sse4.2, popcnt, aes, clmul, erms, 3dnowpref, tsc, tscinvbit

Memory: 4k page, physical 4089980k(1127032k free), swap 5170600k(3100k free)

vm_info: Java HotSpot(TM) 64-Bit Server VM (25.121-b13) for windows-amd64 JRE (1.8.0_121-b13), built on Dec 12 2016 18:21:36 by "java_re" with MS VC++ 10.0 (VS2010)

time: Mon Jul 23 12:59:44 2018
elapsed time: 11 seconds (0d 0h 0m 11s)

